C:\src\DigiCortex-1\private\External\Log4xx\apache-log4cxx-0.10.0\src\apr\apr.vcxproj(93,5): warning MSB4011: "C:\Users\htan\AppData\Local\Microsoft\MSBuild\v4.0\Microsoft.Cpp.Win32.user.props" cannot be imported again. It was already imported at "C:\src\DigiCortex-1\private\External\Log4xx\apache-log4cxx-0.10.0\src\apr\apr.vcxproj (90,5)". This is most likely a build authoring error. This subsequent import will be ignored. 
  Creating gen_test_char.exe and apr_escape_test_char.h
  gen_test_char.c
  Performing Custom Build Tools
  Creating apr.h from apr.hw
  apr_atomic.c
  dso.c
  apr_escape.c
  buffer.c
  copy.c
  dir.c
  fileacc.c
  filedup.c
  filepath.c
  filepath_util.c
  filestat.c
  filesys.c
  flock.c
  fullrw.c
  mktemp.c
  open.c
  pipe.c
  readwrite.c
  seek.c
  tempdir.c
  Generating Code...
  Compiling...
  proc_mutex.c
  thread_cond.c
  thread_mutex.c
  thread_rwlock.c
  apr_pools.c
  charset.c
  env.c
  errorcodes.c
  getopt.c
  internal.c
  misc.c
  otherchild.c
  rand.c
  start.c
  utf8.c
  version.c
  common.c
  mmap.c
  inet_ntop.c
  inet_pton.c
  Generating Code...
  Compiling...
  multicast.c
  sendrecv.c
  sockaddr.c
  sockets.c
  socket_util.c
  sockopt.c
  apr_getpass.c
  poll.c
  pollcb.c
  pollset.c
  select.c
  apr_random.c
  sha2.c
  sha2_glue.c
  shm.c
  apr_cpystrn.c
  apr_fnmatch.c
  apr_snprintf.c
  apr_strings.c
  apr_strnatcmp.c
  Generating Code...
  Compiling...
  apr_strtok.c
  apr_hash.c
  apr_skiplist.c
  apr_tables.c
  proc.c
  signals.c
  thread.c
  threadpriv.c
  time.c
  timestr.c
  groupinfo.c
  userinfo.c
  Generating Code...
C:\Program Files (x86)\MSBuild\Microsoft.Cpp\v4.0\V120\Microsoft.CppBuild.targets(1354,5): warning MSB8012: TargetPath(C:\src\DigiCortex-1\private\External\Log4xx\apache-log4cxx-0.10.0\src\apr\.\LibD\apr.lib) does not match the Library's OutputFile property value (C:\src\DigiCortex-1\private\External\Log4xx\apache-log4cxx-0.10.0\src\apr\LibD\apr-1.lib). This may cause your project to build incorrectly. To correct this, please make sure that $(OutDir), $(TargetName) and $(TargetExt) property values match the value specified in %(Lib.OutputFile).
C:\Program Files (x86)\MSBuild\Microsoft.Cpp\v4.0\V120\Microsoft.CppBuild.targets(1356,5): warning MSB8012: TargetName(apr) does not match the Library's OutputFile property value (apr-1). This may cause your project to build incorrectly. To correct this, please make sure that $(OutDir), $(TargetName) and $(TargetExt) property values match the value specified in %(Lib.OutputFile).
  apr.vcxproj -> C:\src\DigiCortex-1\private\External\Log4xx\apache-log4cxx-0.10.0\src\apr\.\LibD\apr.lib
