C:\Program Files (x86)\MSBuild\Microsoft.Cpp\v4.0\V120\Microsoft.CppBuild.targets(381,5): warning MSB8028: The intermediate directory (.\x64\Debug\) contains files shared from another project (aprutil.vcxproj).  This can lead to incorrect clean and rebuild behavior.
  Creating apr_ldap.h from apr_ldap.hw
  Creating apu.h from apu.hw
  Creating apu_config.h from apu_config.hw
  Creating apu_select_dbm.h from apu_select_dbm.hw
  Creating apu_want.h from apu_want.hw
  apr_brigade.c
  apr_buckets.c
  apr_buckets_alloc.c
  apr_buckets_eos.c
  apr_buckets_file.c
  apr_buckets_flush.c
  apr_buckets_heap.c
  apr_buckets_mmap.c
  apr_buckets_pipe.c
  apr_buckets_pool.c
  apr_buckets_refcount.c
  apr_buckets_simple.c
  apr_buckets_socket.c
  apr_crypto.c
  apr_md4.c
  apr_md5.c
  apr_passwd.c
crypto\apr_passwd.c(189): warning C4267: 'function' : conversion from 'size_t' to 'int', possible loss of data
crypto\apr_passwd.c(191): warning C4267: 'function' : conversion from 'size_t' to 'int', possible loss of data
  apr_sha1.c
  crypt_blowfish.c
crypto\crypt_blowfish.c(894): warning C4244: '=' : conversion from 'unsigned long' to 'char', possible loss of data
  getuuid.c
  Generating Code...
  Compiling...
  uuid.c
  apr_dbd.c
  apr_dbm.c
  apr_dbm_sdbm.c
  apr_base64.c
  apr_hooks.c
  apr_ldap_stub.c
  apr_ldap_url.c
  apr_memcache.c
  apr_date.c
  apu_dso.c
  apr_queue.c
  apr_reslist.c
  apr_rmm.c
  apr_thread_pool.c
misc\apr_thread_pool.c(906): warning C4267: '=' : conversion from 'size_t' to 'unsigned int', possible loss of data
  apu_version.c
  sdbm.c
  sdbm_hash.c
  sdbm_lock.c
  sdbm_pair.c
  Generating Code...
  Compiling...
  apr_strmatch.c
  apr_uri.c
  xlate.c
  apr_xml.c
  Generating Code...
C:\Program Files (x86)\MSBuild\Microsoft.Cpp\v4.0\V120\Microsoft.CppBuild.targets(1186,5): warning MSB8012: TargetPath(C:\src\DigiCortex-1\private\External\apr-util\.\x64\Debug\libaprutil.dll) does not match the Linker's OutputFile property value (C:\src\DigiCortex-1\private\External\apr-util\x64\Debug\libaprutil-1.dll). This may cause your project to build incorrectly. To correct this, please make sure that $(OutDir), $(TargetName) and $(TargetExt) property values match the value specified in %(Link.OutputFile).
C:\Program Files (x86)\MSBuild\Microsoft.Cpp\v4.0\V120\Microsoft.CppBuild.targets(1188,5): warning MSB8012: TargetName(libaprutil) does not match the Linker's OutputFile property value (libaprutil-1). This may cause your project to build incorrectly. To correct this, please make sure that $(OutDir), $(TargetName) and $(TargetExt) property values match the value specified in %(Link.OutputFile).
     Creating library x64\Debug\libaprutil-1.lib and object x64\Debug\libaprutil-1.exp
apr_brigade.obj : error LNK2019: unresolved external symbol __imp_apr_vformatter referenced in function apr_brigade_vprintf
apr_thread_pool.obj : error LNK2019: unresolved external symbol __imp_apr_palloc referenced in function trim_threads
apr_strmatch.obj : error LNK2001: unresolved external symbol __imp_apr_palloc
apr_xml.obj : error LNK2001: unresolved external symbol __imp_apr_palloc
apr_memcache.obj : error LNK2001: unresolved external symbol __imp_apr_palloc
apr_queue.obj : error LNK2001: unresolved external symbol __imp_apr_palloc
apr_reslist.obj : error LNK2001: unresolved external symbol __imp_apr_palloc
apr_rmm.obj : error LNK2001: unresolved external symbol __imp_apr_palloc
apr_brigade.obj : error LNK2001: unresolved external symbol __imp_apr_palloc
apr_dbd.obj : error LNK2001: unresolved external symbol __imp_apr_palloc
apr_dbm_sdbm.obj : error LNK2001: unresolved external symbol __imp_apr_palloc
apr_hooks.obj : error LNK2001: unresolved external symbol __imp_apr_palloc
apr_reslist.obj : error LNK2001: unresolved external symbol __imp_apr_pool_cleanup_register
sdbm.obj : error LNK2019: unresolved external symbol __imp_apr_pool_cleanup_register referenced in function apr_sdbm_open
apr_xml.obj : error LNK2001: unresolved external symbol __imp_apr_pool_cleanup_register
apr_dbd.obj : error LNK2001: unresolved external symbol __imp_apr_pool_cleanup_register
apr_dbm.obj : error LNK2001: unresolved external symbol __imp_apr_pool_cleanup_register
apu_dso.obj : error LNK2001: unresolved external symbol __imp_apr_pool_cleanup_register
apr_queue.obj : error LNK2001: unresolved external symbol __imp_apr_pool_cleanup_register
apr_brigade.obj : error LNK2001: unresolved external symbol __imp_apr_pool_cleanup_register
apr_buckets_alloc.obj : error LNK2001: unresolved external symbol __imp_apr_pool_cleanup_register
apr_buckets_mmap.obj : error LNK2001: unresolved external symbol __imp_apr_pool_cleanup_register
apr_buckets_pool.obj : error LNK2001: unresolved external symbol __imp_apr_pool_cleanup_register
apr_dbd.obj : error LNK2019: unresolved external symbol __imp_apr_pool_cleanup_kill referenced in function apr_dbd_get_driver
apr_reslist.obj : error LNK2001: unresolved external symbol __imp_apr_pool_cleanup_kill
apr_brigade.obj : error LNK2001: unresolved external symbol __imp_apr_pool_cleanup_kill
apr_buckets_alloc.obj : error LNK2001: unresolved external symbol __imp_apr_pool_cleanup_kill
apr_buckets_mmap.obj : error LNK2001: unresolved external symbol __imp_apr_pool_cleanup_kill
apr_buckets_pool.obj : error LNK2001: unresolved external symbol __imp_apr_pool_cleanup_kill
apr_reslist.obj : error LNK2019: unresolved external symbol __imp_apr_pool_cleanup_null referenced in function apr_reslist_create
sdbm.obj : error LNK2001: unresolved external symbol __imp_apr_pool_cleanup_null
apr_xml.obj : error LNK2001: unresolved external symbol __imp_apr_pool_cleanup_null
apr_dbd.obj : error LNK2001: unresolved external symbol __imp_apr_pool_cleanup_null
apr_dbm.obj : error LNK2001: unresolved external symbol __imp_apr_pool_cleanup_null
apu_dso.obj : error LNK2001: unresolved external symbol __imp_apr_pool_cleanup_null
apr_queue.obj : error LNK2001: unresolved external symbol __imp_apr_pool_cleanup_null
apr_brigade.obj : error LNK2001: unresolved external symbol __imp_apr_pool_cleanup_null
apr_buckets_alloc.obj : error LNK2001: unresolved external symbol __imp_apr_pool_cleanup_null
apr_buckets_mmap.obj : error LNK2001: unresolved external symbol __imp_apr_pool_cleanup_null
apr_buckets_pool.obj : error LNK2001: unresolved external symbol __imp_apr_pool_cleanup_null
apr_buckets_alloc.obj : error LNK2019: unresolved external symbol __imp_apr_allocator_alloc referenced in function apr_bucket_alloc_create_ex
apr_buckets_alloc.obj : error LNK2019: unresolved external symbol __imp_apr_allocator_free referenced in function apr_bucket_alloc_destroy
apr_buckets_alloc.obj : error LNK2019: unresolved external symbol __imp_apr_pool_allocator_get referenced in function apr_bucket_alloc_create
apr_buckets_alloc.obj : error LNK2019: unresolved external symbol __imp_apr_pool_abort_get referenced in function apr_bucket_alloc_create
apr_xml.obj : error LNK2001: unresolved external symbol __imp_apr_pool_abort_get
apr_buckets_file.obj : error LNK2019: unresolved external symbol __imp_apr_pool_is_ancestor referenced in function file_make_mmap
apr_buckets_mmap.obj : error LNK2001: unresolved external symbol __imp_apr_pool_is_ancestor
apr_buckets_file.obj : error LNK2019: unresolved external symbol __imp_apr_file_read referenced in function file_make_mmap
apr_buckets_pipe.obj : error LNK2001: unresolved external symbol __imp_apr_file_read
apr_xml.obj : error LNK2001: unresolved external symbol __imp_apr_file_read
apr_buckets_file.obj : error LNK2019: unresolved external symbol __imp_apr_file_setaside referenced in function file_make_mmap
apr_buckets_file.obj : error LNK2019: unresolved external symbol __imp_apr_file_seek referenced in function file_make_mmap
sdbm.obj : error LNK2001: unresolved external symbol __imp_apr_file_seek
apr_buckets_file.obj : error LNK2019: unresolved external symbol __imp_apr_file_pool_get referenced in function file_make_mmap
apr_buckets_file.obj : error LNK2019: unresolved external symbol __imp_apr_mmap_create referenced in function file_make_mmap
apr_buckets_mmap.obj : error LNK2019: unresolved external symbol __imp_apr_mmap_dup referenced in function mmap_bucket_cleanup
apr_buckets_mmap.obj : error LNK2019: unresolved external symbol __imp_apr_mmap_delete referenced in function mmap_bucket_cleanup
apr_buckets_mmap.obj : error LNK2019: unresolved external symbol __imp_apr_mmap_offset referenced in function apr_bucket_mmap_make
apr_buckets_pipe.obj : error LNK2019: unresolved external symbol __imp_apr_file_close referenced in function apr_bucket_pipe_make
sdbm.obj : error LNK2001: unresolved external symbol __imp_apr_file_close
apr_buckets_pipe.obj : error LNK2019: unresolved external symbol __imp_apr_file_pipe_timeout_get referenced in function apr_bucket_pipe_make
apr_buckets_pipe.obj : error LNK2019: unresolved external symbol __imp_apr_file_pipe_timeout_set referenced in function apr_bucket_pipe_make
apr_buckets_socket.obj : error LNK2019: unresolved external symbol __imp_apr_socket_recv referenced in function apr_bucket_socket_make
apr_buckets_socket.obj : error LNK2019: unresolved external symbol __imp_apr_socket_timeout_set referenced in function apr_bucket_socket_make
apr_memcache.obj : error LNK2001: unresolved external symbol __imp_apr_socket_timeout_set
apr_buckets_socket.obj : error LNK2019: unresolved external symbol __imp_apr_socket_timeout_get referenced in function apr_bucket_socket_make
apr_xml.obj : error LNK2019: unresolved external symbol __imp_apr_cpystrn referenced in function write_elem
apr_md5.obj : error LNK2001: unresolved external symbol __imp_apr_cpystrn
apr_sha1.obj : error LNK2001: unresolved external symbol __imp_apr_cpystrn
apr_dbm.obj : error LNK2001: unresolved external symbol __imp_apr_cpystrn
apu_dso.obj : error LNK2001: unresolved external symbol __imp_apr_cpystrn
getuuid.obj : error LNK2019: unresolved external symbol __imp_apr_generate_random_bytes referenced in function get_random_info
getuuid.obj : error LNK2019: unresolved external symbol __imp_apr_time_now referenced in function get_system_time
apr_memcache.obj : error LNK2001: unresolved external symbol __imp_apr_time_now
apr_reslist.obj : error LNK2001: unresolved external symbol __imp_apr_time_now
apr_thread_pool.obj : error LNK2001: unresolved external symbol __imp_apr_time_now
getuuid.obj : error LNK2019: unresolved external symbol __imp_apr_os_uuid_get referenced in function apr_uuid_get
apr_reslist.obj : error LNK2019: unresolved external symbol __imp_apr_thread_mutex_create referenced in function apr_reslist_create
apr_thread_pool.obj : error LNK2001: unresolved external symbol __imp_apr_thread_mutex_create
apr_dbd.obj : error LNK2001: unresolved external symbol __imp_apr_thread_mutex_create
apr_memcache.obj : error LNK2001: unresolved external symbol __imp_apr_thread_mutex_create
apu_dso.obj : error LNK2001: unresolved external symbol __imp_apr_thread_mutex_create
apr_queue.obj : error LNK2001: unresolved external symbol __imp_apr_thread_mutex_create
apr_reslist.obj : error LNK2019: unresolved external symbol __imp_apr_thread_mutex_lock referenced in function apr_reslist_cleanup_order_set
apr_rmm.obj : error LNK2001: unresolved external symbol __imp_apr_thread_mutex_lock
apr_thread_pool.obj : error LNK2001: unresolved external symbol __imp_apr_thread_mutex_lock
apr_dbd.obj : error LNK2001: unresolved external symbol __imp_apr_thread_mutex_lock
apr_memcache.obj : error LNK2001: unresolved external symbol __imp_apr_thread_mutex_lock
apu_dso.obj : error LNK2001: unresolved external symbol __imp_apr_thread_mutex_lock
apr_queue.obj : error LNK2001: unresolved external symbol __imp_apr_thread_mutex_lock
apr_reslist.obj : error LNK2019: unresolved external symbol __imp_apr_thread_mutex_unlock referenced in function apr_reslist_cleanup_order_set
apr_rmm.obj : error LNK2001: unresolved external symbol __imp_apr_thread_mutex_unlock
apr_thread_pool.obj : error LNK2001: unresolved external symbol __imp_apr_thread_mutex_unlock
apr_dbd.obj : error LNK2001: unresolved external symbol __imp_apr_thread_mutex_unlock
apr_memcache.obj : error LNK2001: unresolved external symbol __imp_apr_thread_mutex_unlock
apu_dso.obj : error LNK2001: unresolved external symbol __imp_apr_thread_mutex_unlock
apr_queue.obj : error LNK2001: unresolved external symbol __imp_apr_thread_mutex_unlock
apr_dbd.obj : error LNK2019: unresolved external symbol __imp_apr_pool_parent_get referenced in function apr_dbd_init
apr_dbm.obj : error LNK2001: unresolved external symbol __imp_apr_pool_parent_get
apu_dso.obj : error LNK2001: unresolved external symbol __imp_apr_pool_parent_get
apr_uri.obj : error LNK2001: unresolved external symbol __imp_apr_pstrdup
apr_xml.obj : error LNK2019: unresolved external symbol __imp_apr_pstrdup referenced in function write_elem
apr_dbd.obj : error LNK2001: unresolved external symbol __imp_apr_pstrdup
apr_dbm.obj : error LNK2001: unresolved external symbol __imp_apr_pstrdup
apr_memcache.obj : error LNK2001: unresolved external symbol __imp_apr_pstrdup
apu_dso.obj : error LNK2001: unresolved external symbol __imp_apr_pstrdup
apr_dbd.obj : error LNK2019: unresolved external symbol __imp_apr_snprintf referenced in function apr_dbd_get_driver
apr_dbm.obj : error LNK2001: unresolved external symbol __imp_apr_snprintf
apr_memcache.obj : error LNK2001: unresolved external symbol __imp_apr_snprintf
apr_xml.obj : error LNK2001: unresolved external symbol __imp_apr_snprintf
apu_dso.obj : error LNK2019: unresolved external symbol __imp_apr_hash_make referenced in function apu_dso_load
apr_dbd.obj : error LNK2001: unresolved external symbol __imp_apr_hash_make
apr_dbm.obj : error LNK2001: unresolved external symbol __imp_apr_hash_make
apr_hooks.obj : error LNK2001: unresolved external symbol __imp_apr_hash_make
apr_memcache.obj : error LNK2001: unresolved external symbol __imp_apr_hash_make
apu_dso.obj : error LNK2019: unresolved external symbol __imp_apr_hash_set referenced in function apu_dso_load
apr_dbd.obj : error LNK2001: unresolved external symbol __imp_apr_hash_set
apr_dbm.obj : error LNK2001: unresolved external symbol __imp_apr_hash_set
apr_hooks.obj : error LNK2001: unresolved external symbol __imp_apr_hash_set
apr_memcache.obj : error LNK2001: unresolved external symbol __imp_apr_hash_set
apu_dso.obj : error LNK2019: unresolved external symbol __imp_apr_hash_get referenced in function apu_dso_load
apr_dbd.obj : error LNK2001: unresolved external symbol __imp_apr_hash_get
apr_dbm.obj : error LNK2001: unresolved external symbol __imp_apr_hash_get
apr_hooks.obj : error LNK2001: unresolved external symbol __imp_apr_hash_get
apr_memcache.obj : error LNK2001: unresolved external symbol __imp_apr_hash_get
apr_dbd.obj : error LNK2019: unresolved external symbol __imp_apr_hash_pool_get referenced in function apr_dbd_get_driver
apr_dbm.obj : error LNK2001: unresolved external symbol __imp_apr_hash_pool_get
apu_dso.obj : error LNK2001: unresolved external symbol __imp_apr_hash_pool_get
apr_dbd.obj : error LNK2019: unresolved external symbol __imp_apr_atomic_read32 referenced in function apr_dbd_init
apr_dbm.obj : error LNK2001: unresolved external symbol __imp_apr_atomic_read32
apu_dso.obj : error LNK2001: unresolved external symbol __imp_apr_atomic_read32
apr_dbd.obj : error LNK2019: unresolved external symbol __imp_apr_atomic_set32 referenced in function apr_dbd_init
apr_dbm.obj : error LNK2001: unresolved external symbol __imp_apr_atomic_set32
apu_dso.obj : error LNK2001: unresolved external symbol __imp_apr_atomic_set32
apr_dbd.obj : error LNK2019: unresolved external symbol __imp_apr_atomic_inc32 referenced in function apr_dbd_init
apr_dbm.obj : error LNK2001: unresolved external symbol __imp_apr_atomic_inc32
apu_dso.obj : error LNK2001: unresolved external symbol __imp_apr_atomic_inc32
apr_dbd.obj : error LNK2019: unresolved external symbol __imp_apr_atomic_dec32 referenced in function apr_dbd_init
apr_dbm.obj : error LNK2001: unresolved external symbol __imp_apr_atomic_dec32
apu_dso.obj : error LNK2001: unresolved external symbol __imp_apr_atomic_dec32
apr_dbm_sdbm.obj : error LNK2019: unresolved external symbol __imp_apr_pstrcat referenced in function set_error
sdbm.obj : error LNK2001: unresolved external symbol __imp_apr_pstrcat
apr_uri.obj : error LNK2001: unresolved external symbol __imp_apr_pstrcat
apr_dbm_sdbm.obj : error LNK2019: unresolved external symbol __imp_apr_psprintf referenced in function set_error
apr_xml.obj : error LNK2001: unresolved external symbol __imp_apr_psprintf
apr_hooks.obj : error LNK2019: unresolved external symbol __imp_apr_pool_create_ex referenced in function sort_hook
apr_memcache.obj : error LNK2001: unresolved external symbol __imp_apr_pool_create_ex
apr_thread_pool.obj : error LNK2001: unresolved external symbol __imp_apr_pool_create_ex
apr_hooks.obj : error LNK2019: unresolved external symbol __imp_apr_pool_destroy referenced in function sort_hook
apr_memcache.obj : error LNK2001: unresolved external symbol __imp_apr_pool_destroy
apr_thread_pool.obj : error LNK2001: unresolved external symbol __imp_apr_pool_destroy
apr_hooks.obj : error LNK2019: unresolved external symbol __imp_apr_array_make referenced in function apr_hook_sort_register
apu_dso.obj : error LNK2001: unresolved external symbol __imp_apr_array_make
apr_xml.obj : error LNK2001: unresolved external symbol __imp_apr_array_make
apr_hooks.obj : error LNK2019: unresolved external symbol __imp_apr_array_push referenced in function apr_hook_sort_register
apr_xml.obj : error LNK2001: unresolved external symbol __imp_apr_array_push
apr_memcache.obj : error LNK2019: unresolved external symbol __imp_apr_pool_clear referenced in function apr_memcache_multgetp
apr_memcache.obj : error LNK2019: unresolved external symbol __imp_apr_pstrmemdup referenced in function apr_memcache_version
apr_uri.obj : error LNK2001: unresolved external symbol __imp_apr_pstrmemdup
apr_memcache.obj : error LNK2019: unresolved external symbol __imp_apr_strtok referenced in function apr_memcache_getp
apr_memcache.obj : error LNK2019: unresolved external symbol __imp_apr_atoi64 referenced in function stat_read_uint64
apr_memcache.obj : error LNK2019: unresolved external symbol __imp_apr_socket_create referenced in function mc_conn_construct
apr_memcache.obj : error LNK2019: unresolved external symbol __imp_apr_socket_close referenced in function mc_conn_destruct
apr_memcache.obj : error LNK2019: unresolved external symbol __imp_apr_socket_connect referenced in function conn_connect
apr_memcache.obj : error LNK2019: unresolved external symbol __imp_apr_sockaddr_info_get referenced in function conn_connect
apr_memcache.obj : error LNK2019: unresolved external symbol __imp_apr_socket_sendv referenced in function apr_memcache_getp
apr_memcache.obj : error LNK2019: unresolved external symbol __imp_apr_hash_first referenced in function apr_memcache_multgetp
apr_memcache.obj : error LNK2019: unresolved external symbol __imp_apr_hash_next referenced in function apr_memcache_multgetp
apr_memcache.obj : error LNK2019: unresolved external symbol __imp_apr_hash_this referenced in function apr_memcache_multgetp
apr_memcache.obj : error LNK2019: unresolved external symbol __imp_apr_hash_count referenced in function apr_memcache_multgetp
apr_memcache.obj : error LNK2019: unresolved external symbol __imp_apr_pollset_create referenced in function apr_memcache_multgetp
apr_memcache.obj : error LNK2019: unresolved external symbol __imp_apr_pollset_destroy referenced in function apr_memcache_multgetp
apr_memcache.obj : error LNK2019: unresolved external symbol __imp_apr_pollset_add referenced in function apr_memcache_multgetp
apr_memcache.obj : error LNK2019: unresolved external symbol __imp_apr_pollset_remove referenced in function apr_memcache_multgetp
apr_memcache.obj : error LNK2019: unresolved external symbol __imp_apr_pollset_poll referenced in function apr_memcache_multgetp
apr_date.obj : error LNK2019: unresolved external symbol __imp_apr_time_exp_get referenced in function apr_date_parse_http
apr_date.obj : error LNK2019: unresolved external symbol __imp_apr_time_exp_gmt_get referenced in function apr_date_parse_rfc
apu_dso.obj : error LNK2019: unresolved external symbol __imp_apr_dso_load referenced in function apu_dso_load
apu_dso.obj : error LNK2019: unresolved external symbol __imp_apr_dso_unload referenced in function apu_dso_load
apu_dso.obj : error LNK2019: unresolved external symbol __imp_apr_dso_sym referenced in function apu_dso_load
apu_dso.obj : error LNK2019: unresolved external symbol __imp_apr_filepath_list_split referenced in function apu_dso_load
apu_dso.obj : error LNK2019: unresolved external symbol __imp_apr_env_get referenced in function apu_dso_load
apr_queue.obj : error LNK2019: unresolved external symbol __imp_apr_thread_mutex_destroy referenced in function queue_destroy
apr_reslist.obj : error LNK2001: unresolved external symbol __imp_apr_thread_mutex_destroy
apr_thread_pool.obj : error LNK2001: unresolved external symbol __imp_apr_thread_mutex_destroy
apr_queue.obj : error LNK2019: unresolved external symbol __imp_apr_thread_cond_create referenced in function apr_queue_create
apr_reslist.obj : error LNK2001: unresolved external symbol __imp_apr_thread_cond_create
apr_thread_pool.obj : error LNK2001: unresolved external symbol __imp_apr_thread_cond_create
apr_queue.obj : error LNK2019: unresolved external symbol __imp_apr_thread_cond_wait referenced in function apr_queue_push
apr_reslist.obj : error LNK2001: unresolved external symbol __imp_apr_thread_cond_wait
apr_thread_pool.obj : error LNK2001: unresolved external symbol __imp_apr_thread_cond_wait
apr_queue.obj : error LNK2019: unresolved external symbol __imp_apr_thread_cond_signal referenced in function apr_queue_push
apr_reslist.obj : error LNK2001: unresolved external symbol __imp_apr_thread_cond_signal
apr_thread_pool.obj : error LNK2001: unresolved external symbol __imp_apr_thread_cond_signal
apr_queue.obj : error LNK2019: unresolved external symbol __imp_apr_thread_cond_broadcast referenced in function apr_queue_interrupt_all
apr_thread_pool.obj : error LNK2001: unresolved external symbol __imp_apr_thread_cond_broadcast
apr_queue.obj : error LNK2019: unresolved external symbol __imp_apr_thread_cond_destroy referenced in function queue_destroy
apr_reslist.obj : error LNK2001: unresolved external symbol __imp_apr_thread_cond_destroy
apr_thread_pool.obj : error LNK2001: unresolved external symbol __imp_apr_thread_cond_destroy
apr_reslist.obj : error LNK2019: unresolved external symbol __imp_apr_pool_pre_cleanup_register referenced in function apr_reslist_cleanup_order_set
apr_thread_pool.obj : error LNK2001: unresolved external symbol __imp_apr_pool_pre_cleanup_register
apr_reslist.obj : error LNK2019: unresolved external symbol __imp_apr_pool_cleanup_run referenced in function apr_reslist_destroy
sdbm.obj : error LNK2001: unresolved external symbol __imp_apr_pool_cleanup_run
apr_xml.obj : error LNK2001: unresolved external symbol __imp_apr_pool_cleanup_run
apr_reslist.obj : error LNK2019: unresolved external symbol __imp_apr_thread_cond_timedwait referenced in function apr_reslist_acquire
apr_thread_pool.obj : error LNK2001: unresolved external symbol __imp_apr_thread_cond_timedwait
apr_rmm.obj : error LNK2019: unresolved external symbol __imp_apr_proc_mutex_lock referenced in function apr_rmm_init
apr_rmm.obj : error LNK2019: unresolved external symbol __imp_apr_proc_mutex_unlock referenced in function apr_rmm_init
apr_rmm.obj : error LNK2019: unresolved external symbol __imp_apr_thread_rwlock_rdlock referenced in function apr_rmm_init
apr_rmm.obj : error LNK2019: unresolved external symbol __imp_apr_thread_rwlock_wrlock referenced in function apr_rmm_init
apr_rmm.obj : error LNK2019: unresolved external symbol __imp_apr_thread_rwlock_unlock referenced in function apr_rmm_init
apr_thread_pool.obj : error LNK2019: unresolved external symbol __imp_apr_sleep referenced in function thread_pool_cleanup
apr_thread_pool.obj : error LNK2019: unresolved external symbol __imp_apr_thread_create referenced in function apr_thread_pool_create
apr_thread_pool.obj : error LNK2019: unresolved external symbol __imp_apr_thread_exit referenced in function thread_pool_func
apr_thread_pool.obj : error LNK2019: unresolved external symbol __imp_apr_thread_join referenced in function trim_idle_threads
apr_thread_pool.obj : error LNK2019: unresolved external symbol __imp_apr_thread_detach referenced in function thread_pool_func
apr_thread_pool.obj : error LNK2019: unresolved external symbol __imp_apr_thread_data_get referenced in function apr_thread_pool_task_owner_get
apr_thread_pool.obj : error LNK2019: unresolved external symbol __imp_apr_thread_data_set referenced in function thread_pool_func
apr_thread_pool.obj : error LNK2019: unresolved external symbol __imp_apr_os_thread_get referenced in function wait_on_busy_threads
apr_thread_pool.obj : error LNK2019: unresolved external symbol __imp_apr_os_thread_current referenced in function wait_on_busy_threads
apr_thread_pool.obj : error LNK2019: unresolved external symbol __imp_apr_os_thread_equal referenced in function wait_on_busy_threads
sdbm.obj : error LNK2019: unresolved external symbol __imp_apr_file_open referenced in function prep
sdbm.obj : error LNK2019: unresolved external symbol __imp_apr_file_read_full referenced in function getnext
sdbm.obj : error LNK2019: unresolved external symbol __imp_apr_file_write_full referenced in function setdbit
sdbm.obj : error LNK2019: unresolved external symbol __imp_apr_file_unlock referenced in function database_cleanup
sdbm_lock.obj : error LNK2001: unresolved external symbol __imp_apr_file_unlock
sdbm_lock.obj : error LNK2019: unresolved external symbol __imp_apr_file_lock referenced in function apr_sdbm_lock
sdbm_lock.obj : error LNK2019: unresolved external symbol __imp_apr_file_info_get referenced in function apr_sdbm_lock
apr_uri.obj : error LNK2019: unresolved external symbol __imp_apr_pstrndup referenced in function apr_uri_parse_hostinfo
apr_xml.obj : error LNK2001: unresolved external symbol __imp_apr_pstrndup
apr_xml.obj : error LNK2019: unresolved external symbol XML_ParserCreate referenced in function apr_xml_parser_create
apr_xml.obj : error LNK2019: unresolved external symbol XML_SetElementHandler referenced in function apr_xml_parser_create
apr_xml.obj : error LNK2019: unresolved external symbol XML_SetCharacterDataHandler referenced in function apr_xml_parser_create
apr_xml.obj : error LNK2019: unresolved external symbol XML_SetDefaultHandler referenced in function apr_xml_parser_create
apr_xml.obj : error LNK2019: unresolved external symbol XML_SetUserData referenced in function apr_xml_parser_create
apr_xml.obj : error LNK2019: unresolved external symbol XML_Parse referenced in function do_parse
apr_xml.obj : error LNK2019: unresolved external symbol XML_GetErrorCode referenced in function do_parse
apr_xml.obj : error LNK2019: unresolved external symbol XML_ParserFree referenced in function cleanup_parser
apr_xml.obj : error LNK2019: unresolved external symbol XML_ErrorString referenced in function apr_xml_parser_geterror
x64\Debug\libaprutil-1.dll : fatal error LNK1120: 113 unresolved externals
