c:\src\digicortex-1\private\external\apr-util\x64\debug\xml.pdb
c:\src\digicortex-1\private\external\apr-util\x64\debug\xmltok.obj
c:\src\digicortex-1\private\external\apr-util\x64\debug\xmlrole.obj
c:\src\digicortex-1\private\external\apr-util\x64\debug\xmlparse.obj
c:\src\digicortex-1\private\external\apr-util\x64\debug\xml
c:\src\digicortex-1\private\external\apr-util\x64\debug\xml.lib
c:\src\digicortex-1\private\external\apr-util\x64\debug\apr_base64.obj
c:\src\digicortex-1\private\external\apr-util\x64\debug\apr_brigade.obj
c:\src\digicortex-1\private\external\apr-util\x64\debug\apr_buckets.obj
c:\src\digicortex-1\private\external\apr-util\x64\debug\apr_buckets_alloc.obj
c:\src\digicortex-1\private\external\apr-util\x64\debug\apr_buckets_eos.obj
c:\src\digicortex-1\private\external\apr-util\x64\debug\apr_buckets_file.obj
c:\src\digicortex-1\private\external\apr-util\x64\debug\apr_buckets_flush.obj
c:\src\digicortex-1\private\external\apr-util\x64\debug\apr_buckets_heap.obj
c:\src\digicortex-1\private\external\apr-util\x64\debug\apr_buckets_mmap.obj
c:\src\digicortex-1\private\external\apr-util\x64\debug\apr_buckets_pipe.obj
c:\src\digicortex-1\private\external\apr-util\x64\debug\apr_buckets_pool.obj
c:\src\digicortex-1\private\external\apr-util\x64\debug\apr_buckets_refcount.obj
c:\src\digicortex-1\private\external\apr-util\x64\debug\apr_buckets_simple.obj
c:\src\digicortex-1\private\external\apr-util\x64\debug\apr_buckets_socket.obj
c:\src\digicortex-1\private\external\apr-util\x64\debug\apr_crypto.obj
c:\src\digicortex-1\private\external\apr-util\x64\debug\apr_date.obj
c:\src\digicortex-1\private\external\apr-util\x64\debug\apr_dbd.obj
c:\src\digicortex-1\private\external\apr-util\x64\debug\apr_dbd_freetds.obj
c:\src\digicortex-1\private\external\apr-util\x64\debug\apr_dbd_mysql.obj
c:\src\digicortex-1\private\external\apr-util\x64\debug\apr_dbd_odbc.obj
c:\src\digicortex-1\private\external\apr-util\x64\debug\apr_dbd_oracle.obj
c:\src\digicortex-1\private\external\apr-util\x64\debug\apr_dbd_pgsql.obj
c:\src\digicortex-1\private\external\apr-util\x64\debug\apr_dbd_sqlite2.obj
c:\src\digicortex-1\private\external\apr-util\x64\debug\apr_dbd_sqlite3.obj
c:\src\digicortex-1\private\external\apr-util\x64\debug\apr_dbm.obj
c:\src\digicortex-1\private\external\apr-util\x64\debug\apr_dbm_berkeleydb.obj
c:\src\digicortex-1\private\external\apr-util\x64\debug\apr_dbm_gdbm.obj
c:\src\digicortex-1\private\external\apr-util\x64\debug\apr_dbm_sdbm.obj
c:\src\digicortex-1\private\external\apr-util\x64\debug\apr_hooks.obj
c:\src\digicortex-1\private\external\apr-util\x64\debug\apr_ldap_init.obj
c:\src\digicortex-1\private\external\apr-util\x64\debug\apr_ldap_option.obj
c:\src\digicortex-1\private\external\apr-util\x64\debug\apr_ldap_rebind.obj
c:\src\digicortex-1\private\external\apr-util\x64\debug\apr_ldap_stub.obj
c:\src\digicortex-1\private\external\apr-util\x64\debug\apr_ldap_url.obj
c:\src\digicortex-1\private\external\apr-util\x64\debug\apr_md4.obj
c:\src\digicortex-1\private\external\apr-util\x64\debug\apr_md5.obj
c:\src\digicortex-1\private\external\apr-util\x64\debug\apr_memcache.obj
c:\src\digicortex-1\private\external\apr-util\x64\debug\apr_passwd.obj
c:\src\digicortex-1\private\external\apr-util\x64\debug\apr_queue.obj
c:\src\digicortex-1\private\external\apr-util\x64\debug\apr_reslist.obj
c:\src\digicortex-1\private\external\apr-util\x64\debug\apr_rmm.obj
c:\src\digicortex-1\private\external\apr-util\x64\debug\apr_sha1.obj
c:\src\digicortex-1\private\external\apr-util\x64\debug\apr_strmatch.obj
c:\src\digicortex-1\private\external\apr-util\x64\debug\apr_thread_pool.obj
c:\src\digicortex-1\private\external\apr-util\x64\debug\apr_uri.obj
c:\src\digicortex-1\private\external\apr-util\x64\debug\apr_xml.obj
c:\src\digicortex-1\private\external\apr-util\x64\debug\apu_dso.obj
c:\src\digicortex-1\private\external\apr-util\x64\debug\apu_version.obj
c:\src\digicortex-1\private\external\apr-util\x64\debug\crypt_blowfish.obj
c:\src\digicortex-1\private\external\apr-util\x64\debug\getuuid.obj
c:\src\digicortex-1\private\external\apr-util\x64\debug\sdbm.obj
c:\src\digicortex-1\private\external\apr-util\x64\debug\sdbm_hash.obj
c:\src\digicortex-1\private\external\apr-util\x64\debug\sdbm_lock.obj
c:\src\digicortex-1\private\external\apr-util\x64\debug\sdbm_pair.obj
c:\src\digicortex-1\private\external\apr-util\x64\debug\uuid.obj
c:\src\digicortex-1\private\external\apr-util\x64\debug\xlate.obj
c:\src\digicortex-1\private\external\apr-util\x64\debug\libaprutil.res
c:\src\digicortex-1\private\external\apr-util\x64\debug\libaprutil-1.exp
c:\src\digicortex-1\private\external\apr-util\x64\debug\aprutil.pdb
c:\src\digicortex-1\private\external\apr-util\x64\debug\libaprutil.pdb
c:\src\digicortex-1\private\external\apr-util\x64\debug\libaprutil_src.pdb
c:\src\digicortex-1\private\external\apr-util\xml\expat\lib\..\..\..\x64\debug\xml.lib
c:\src\digicortex-1\private\external\apr-util\x64\debug\xml.tlog\cl.command.1.tlog
c:\src\digicortex-1\private\external\apr-util\x64\debug\xml.tlog\cl.read.1.tlog
c:\src\digicortex-1\private\external\apr-util\x64\debug\xml.tlog\cl.write.1.tlog
c:\src\digicortex-1\private\external\apr-util\x64\debug\xml.tlog\lib-link.read.1.tlog
c:\src\digicortex-1\private\external\apr-util\x64\debug\xml.tlog\lib-link.write.1.tlog
c:\src\digicortex-1\private\external\apr-util\x64\debug\xml.tlog\lib.command.1.tlog
c:\src\digicortex-1\private\external\apr-util\x64\debug\xml.tlog\..\..\..\x64\debug\xml.pdb
