  action.cpp
  appenderattachableimpl.cpp
  appenderskeleton.cpp
  aprinitializer.cpp
  asyncappender.cpp
  basicconfigurator.cpp
  bufferedwriter.cpp
  bytearrayinputstream.cpp
  bytearrayoutputstream.cpp
  bytebuffer.cpp
  cacheddateformat.cpp
  charsetdecoder.cpp
  charsetencoder.cpp
  class.cpp
  classnamepatternconverter.cpp
  classregistration.cpp
  condition.cpp
  configurator.cpp
  consoleappender.cpp
  cyclicbuffer.cpp
  Generating Code...
  Compiling...
  dailyrollingfileappender.cpp
  datagrampacket.cpp
  datagramsocket.cpp
  date.cpp
  dateformat.cpp
  datelayout.cpp
  datepatternconverter.cpp
  defaultconfigurator.cpp
  defaultloggerfactory.cpp
  defaultrepositoryselector.cpp
  domconfigurator.cpp
  exception.cpp
  fallbackerrorhandler.cpp
  file.cpp
  fileappender.cpp
  filedatepatternconverter.cpp
  fileinputstream.cpp
  filelocationpatternconverter.cpp
  fileoutputstream.cpp
  filerenameaction.cpp
  Generating Code...
  Compiling...
  filewatchdog.cpp
  filter.cpp
  filterbasedtriggeringpolicy.cpp
  fixedwindowrollingpolicy.cpp
  formattinginfo.cpp
  fulllocationpatternconverter.cpp
  gzcompressaction.cpp
  hierarchy.cpp
  htmllayout.cpp
  inetaddress.cpp
  inputstream.cpp
  inputstreamreader.cpp
  integer.cpp
  integerpatternconverter.cpp
  layout.cpp
  level.cpp
  levelmatchfilter.cpp
  levelpatternconverter.cpp
  levelrangefilter.cpp
  linelocationpatternconverter.cpp
  Generating Code...
  Compiling...
  lineseparatorpatternconverter.cpp
  literalpatternconverter.cpp
  loader.cpp
  locale.cpp
  locationinfo.cpp
  logger.cpp
  loggerpatternconverter.cpp
  loggingevent.cpp
  loggingeventpatternconverter.cpp
  loglog.cpp
  logmanager.cpp
  logstream.cpp
  manualtriggeringpolicy.cpp
  mdc.cpp
  messagebuffer.cpp
  messagepatternconverter.cpp
  methodlocationpatternconverter.cpp
  mutex.cpp
  nameabbreviator.cpp
  namepatternconverter.cpp
  Generating Code...
  Compiling...
  ndc.cpp
  ndcpatternconverter.cpp
  nteventlogappender.cpp
  objectimpl.cpp
  objectoutputstream.cpp
  objectptr.cpp
  obsoleterollingfileappender.cpp
  odbcappender.cpp
  onlyonceerrorhandler.cpp
  optionconverter.cpp
  outputdebugstringappender.cpp
  outputstream.cpp
  outputstreamwriter.cpp
  patternconverter.cpp
  patternlayout.cpp
  patternparser.cpp
  pool.cpp
  properties.cpp
  propertiespatternconverter.cpp
  propertyconfigurator.cpp
  Generating Code...
  Compiling...
  propertyresourcebundle.cpp
  propertysetter.cpp
  reader.cpp
  relativetimedateformat.cpp
  relativetimepatternconverter.cpp
  resourcebundle.cpp
  rollingfileappender.cpp
  rollingpolicy.cpp
  rollingpolicybase.cpp
  rolloverdescription.cpp
  rootlogger.cpp
  serversocket.cpp
  simpledateformat.cpp
  simplelayout.cpp
  sizebasedtriggeringpolicy.cpp
  smtpappender.cpp
  socket.cpp
  socketappender.cpp
  socketappenderskeleton.cpp
  sockethubappender.cpp
  Generating Code...
  Compiling...
  socketoutputstream.cpp
  strftimedateformat.cpp
  stringhelper.cpp
  stringmatchfilter.cpp
  stringtokenizer.cpp
  synchronized.cpp
  syslogappender.cpp
  syslogwriter.cpp
  system.cpp
  systemerrwriter.cpp
  systemoutwriter.cpp
  telnetappender.cpp
  threadcxx.cpp
  threadlocal.cpp
  threadpatternconverter.cpp
  threadspecificdata.cpp
  throwableinformationpatternconverter.cpp
  timebasedrollingpolicy.cpp
  timezone.cpp
  transcoder.cpp
  Generating Code...
  Compiling...
  transform.cpp
  triggeringpolicy.cpp
  ttcclayout.cpp
  writer.cpp
  writerappender.cpp
  xmllayout.cpp
  xmlsocketappender.cpp
  zipcompressaction.cpp
  Generating Code...
     Creating library .\Debug\log4cxx.lib and object .\Debug\log4cxx.exp
apr.lib(apr_atomic.obj) : error LNK2019: unresolved external symbol __InterlockedIncrement referenced in function _apr_atomic_inc32@4
apr.lib(apr_atomic.obj) : error LNK2019: unresolved external symbol __InterlockedExchangeAdd referenced in function _apr_atomic_add32@8
apr.lib(apr_atomic.obj) : error LNK2019: unresolved external symbol __InterlockedExchange referenced in function _apr_atomic_set32@8
apr.lib(apr_atomic.obj) : error LNK2019: unresolved external symbol __InterlockedDecrement referenced in function _apr_atomic_dec32@4
apr.lib(apr_atomic.obj) : error LNK2019: unresolved external symbol __InterlockedCompareExchange referenced in function _apr_atomic_cas32@12
aprutil.lib(apr_xml.obj) : error LNK2019: unresolved external symbol _XML_ParserCreate referenced in function _apr_xml_parser_create@4
aprutil.lib(apr_xml.obj) : error LNK2019: unresolved external symbol _XML_SetElementHandler referenced in function _apr_xml_parser_create@4
aprutil.lib(apr_xml.obj) : error LNK2019: unresolved external symbol _XML_SetCharacterDataHandler referenced in function _apr_xml_parser_create@4
aprutil.lib(apr_xml.obj) : error LNK2019: unresolved external symbol _XML_SetDefaultHandler referenced in function _apr_xml_parser_create@4
aprutil.lib(apr_xml.obj) : error LNK2019: unresolved external symbol _XML_SetUserData referenced in function _apr_xml_parser_create@4
aprutil.lib(apr_xml.obj) : error LNK2019: unresolved external symbol _XML_Parse referenced in function _do_parse
aprutil.lib(apr_xml.obj) : error LNK2019: unresolved external symbol _XML_GetErrorCode referenced in function _do_parse
aprutil.lib(apr_xml.obj) : error LNK2019: unresolved external symbol _XML_ParserFree referenced in function _cleanup_parser
aprutil.lib(apr_xml.obj) : error LNK2019: unresolved external symbol _XML_ErrorString referenced in function _apr_xml_parser_geterror@12
.\Debug\log4cxx.dll : fatal error LNK1120: 14 unresolved externals
