c:\src\digicortex-1\private\external\log4xx\apache-log4cxx-0.10.0\projects\debug\vc120.pdb
c:\src\digicortex-1\private\external\log4xx\apache-log4cxx-0.10.0\projects\debug\cyclicbuffer.obj
c:\src\digicortex-1\private\external\log4xx\apache-log4cxx-0.10.0\projects\debug\consoleappender.obj
c:\src\digicortex-1\private\external\log4xx\apache-log4cxx-0.10.0\projects\debug\configurator.obj
c:\src\digicortex-1\private\external\log4xx\apache-log4cxx-0.10.0\projects\debug\condition.obj
c:\src\digicortex-1\private\external\log4xx\apache-log4cxx-0.10.0\projects\debug\classregistration.obj
c:\src\digicortex-1\private\external\log4xx\apache-log4cxx-0.10.0\projects\debug\classnamepatternconverter.obj
c:\src\digicortex-1\private\external\log4xx\apache-log4cxx-0.10.0\projects\debug\class.obj
c:\src\digicortex-1\private\external\log4xx\apache-log4cxx-0.10.0\projects\debug\charsetencoder.obj
c:\src\digicortex-1\private\external\log4xx\apache-log4cxx-0.10.0\projects\debug\charsetdecoder.obj
c:\src\digicortex-1\private\external\log4xx\apache-log4cxx-0.10.0\projects\debug\cacheddateformat.obj
c:\src\digicortex-1\private\external\log4xx\apache-log4cxx-0.10.0\projects\debug\bytebuffer.obj
c:\src\digicortex-1\private\external\log4xx\apache-log4cxx-0.10.0\projects\debug\bytearrayoutputstream.obj
c:\src\digicortex-1\private\external\log4xx\apache-log4cxx-0.10.0\projects\debug\bytearrayinputstream.obj
c:\src\digicortex-1\private\external\log4xx\apache-log4cxx-0.10.0\projects\debug\bufferedwriter.obj
c:\src\digicortex-1\private\external\log4xx\apache-log4cxx-0.10.0\projects\debug\basicconfigurator.obj
c:\src\digicortex-1\private\external\log4xx\apache-log4cxx-0.10.0\projects\debug\asyncappender.obj
c:\src\digicortex-1\private\external\log4xx\apache-log4cxx-0.10.0\projects\debug\aprinitializer.obj
c:\src\digicortex-1\private\external\log4xx\apache-log4cxx-0.10.0\projects\debug\appenderskeleton.obj
c:\src\digicortex-1\private\external\log4xx\apache-log4cxx-0.10.0\projects\debug\appenderattachableimpl.obj
c:\src\digicortex-1\private\external\log4xx\apache-log4cxx-0.10.0\projects\debug\action.obj
c:\src\digicortex-1\private\external\log4xx\apache-log4cxx-0.10.0\projects\debug\filerenameaction.obj
c:\src\digicortex-1\private\external\log4xx\apache-log4cxx-0.10.0\projects\debug\fileoutputstream.obj
c:\src\digicortex-1\private\external\log4xx\apache-log4cxx-0.10.0\projects\debug\filelocationpatternconverter.obj
c:\src\digicortex-1\private\external\log4xx\apache-log4cxx-0.10.0\projects\debug\fileinputstream.obj
c:\src\digicortex-1\private\external\log4xx\apache-log4cxx-0.10.0\projects\debug\filedatepatternconverter.obj
c:\src\digicortex-1\private\external\log4xx\apache-log4cxx-0.10.0\projects\debug\fileappender.obj
c:\src\digicortex-1\private\external\log4xx\apache-log4cxx-0.10.0\projects\debug\file.obj
c:\src\digicortex-1\private\external\log4xx\apache-log4cxx-0.10.0\projects\debug\fallbackerrorhandler.obj
c:\src\digicortex-1\private\external\log4xx\apache-log4cxx-0.10.0\projects\debug\exception.obj
c:\src\digicortex-1\private\external\log4xx\apache-log4cxx-0.10.0\projects\debug\domconfigurator.obj
c:\src\digicortex-1\private\external\log4xx\apache-log4cxx-0.10.0\projects\debug\defaultrepositoryselector.obj
c:\src\digicortex-1\private\external\log4xx\apache-log4cxx-0.10.0\projects\debug\defaultloggerfactory.obj
c:\src\digicortex-1\private\external\log4xx\apache-log4cxx-0.10.0\projects\debug\defaultconfigurator.obj
c:\src\digicortex-1\private\external\log4xx\apache-log4cxx-0.10.0\projects\debug\datepatternconverter.obj
c:\src\digicortex-1\private\external\log4xx\apache-log4cxx-0.10.0\projects\debug\datelayout.obj
c:\src\digicortex-1\private\external\log4xx\apache-log4cxx-0.10.0\projects\debug\dateformat.obj
c:\src\digicortex-1\private\external\log4xx\apache-log4cxx-0.10.0\projects\debug\date.obj
c:\src\digicortex-1\private\external\log4xx\apache-log4cxx-0.10.0\projects\debug\datagramsocket.obj
c:\src\digicortex-1\private\external\log4xx\apache-log4cxx-0.10.0\projects\debug\datagrampacket.obj
c:\src\digicortex-1\private\external\log4xx\apache-log4cxx-0.10.0\projects\debug\dailyrollingfileappender.obj
c:\src\digicortex-1\private\external\log4xx\apache-log4cxx-0.10.0\projects\debug\linelocationpatternconverter.obj
c:\src\digicortex-1\private\external\log4xx\apache-log4cxx-0.10.0\projects\debug\levelrangefilter.obj
c:\src\digicortex-1\private\external\log4xx\apache-log4cxx-0.10.0\projects\debug\levelpatternconverter.obj
c:\src\digicortex-1\private\external\log4xx\apache-log4cxx-0.10.0\projects\debug\levelmatchfilter.obj
c:\src\digicortex-1\private\external\log4xx\apache-log4cxx-0.10.0\projects\debug\level.obj
c:\src\digicortex-1\private\external\log4xx\apache-log4cxx-0.10.0\projects\debug\layout.obj
c:\src\digicortex-1\private\external\log4xx\apache-log4cxx-0.10.0\projects\debug\integerpatternconverter.obj
c:\src\digicortex-1\private\external\log4xx\apache-log4cxx-0.10.0\projects\debug\integer.obj
c:\src\digicortex-1\private\external\log4xx\apache-log4cxx-0.10.0\projects\debug\inputstreamreader.obj
c:\src\digicortex-1\private\external\log4xx\apache-log4cxx-0.10.0\projects\debug\inputstream.obj
c:\src\digicortex-1\private\external\log4xx\apache-log4cxx-0.10.0\projects\debug\inetaddress.obj
c:\src\digicortex-1\private\external\log4xx\apache-log4cxx-0.10.0\projects\debug\htmllayout.obj
c:\src\digicortex-1\private\external\log4xx\apache-log4cxx-0.10.0\projects\debug\hierarchy.obj
c:\src\digicortex-1\private\external\log4xx\apache-log4cxx-0.10.0\projects\debug\gzcompressaction.obj
c:\src\digicortex-1\private\external\log4xx\apache-log4cxx-0.10.0\projects\debug\fulllocationpatternconverter.obj
c:\src\digicortex-1\private\external\log4xx\apache-log4cxx-0.10.0\projects\debug\formattinginfo.obj
c:\src\digicortex-1\private\external\log4xx\apache-log4cxx-0.10.0\projects\debug\fixedwindowrollingpolicy.obj
c:\src\digicortex-1\private\external\log4xx\apache-log4cxx-0.10.0\projects\debug\filterbasedtriggeringpolicy.obj
c:\src\digicortex-1\private\external\log4xx\apache-log4cxx-0.10.0\projects\debug\filter.obj
c:\src\digicortex-1\private\external\log4xx\apache-log4cxx-0.10.0\projects\debug\filewatchdog.obj
c:\src\digicortex-1\private\external\log4xx\apache-log4cxx-0.10.0\projects\debug\namepatternconverter.obj
c:\src\digicortex-1\private\external\log4xx\apache-log4cxx-0.10.0\projects\debug\nameabbreviator.obj
c:\src\digicortex-1\private\external\log4xx\apache-log4cxx-0.10.0\projects\debug\mutex.obj
c:\src\digicortex-1\private\external\log4xx\apache-log4cxx-0.10.0\projects\debug\methodlocationpatternconverter.obj
c:\src\digicortex-1\private\external\log4xx\apache-log4cxx-0.10.0\projects\debug\messagepatternconverter.obj
c:\src\digicortex-1\private\external\log4xx\apache-log4cxx-0.10.0\projects\debug\messagebuffer.obj
c:\src\digicortex-1\private\external\log4xx\apache-log4cxx-0.10.0\projects\debug\mdc.obj
c:\src\digicortex-1\private\external\log4xx\apache-log4cxx-0.10.0\projects\debug\manualtriggeringpolicy.obj
c:\src\digicortex-1\private\external\log4xx\apache-log4cxx-0.10.0\projects\debug\logstream.obj
c:\src\digicortex-1\private\external\log4xx\apache-log4cxx-0.10.0\projects\debug\logmanager.obj
c:\src\digicortex-1\private\external\log4xx\apache-log4cxx-0.10.0\projects\debug\loglog.obj
c:\src\digicortex-1\private\external\log4xx\apache-log4cxx-0.10.0\projects\debug\loggingeventpatternconverter.obj
c:\src\digicortex-1\private\external\log4xx\apache-log4cxx-0.10.0\projects\debug\loggingevent.obj
c:\src\digicortex-1\private\external\log4xx\apache-log4cxx-0.10.0\projects\debug\loggerpatternconverter.obj
c:\src\digicortex-1\private\external\log4xx\apache-log4cxx-0.10.0\projects\debug\logger.obj
c:\src\digicortex-1\private\external\log4xx\apache-log4cxx-0.10.0\projects\debug\locationinfo.obj
c:\src\digicortex-1\private\external\log4xx\apache-log4cxx-0.10.0\projects\debug\locale.obj
c:\src\digicortex-1\private\external\log4xx\apache-log4cxx-0.10.0\projects\debug\loader.obj
c:\src\digicortex-1\private\external\log4xx\apache-log4cxx-0.10.0\projects\debug\literalpatternconverter.obj
c:\src\digicortex-1\private\external\log4xx\apache-log4cxx-0.10.0\projects\debug\lineseparatorpatternconverter.obj
c:\src\digicortex-1\private\external\log4xx\apache-log4cxx-0.10.0\projects\debug\propertyconfigurator.obj
c:\src\digicortex-1\private\external\log4xx\apache-log4cxx-0.10.0\projects\debug\propertiespatternconverter.obj
c:\src\digicortex-1\private\external\log4xx\apache-log4cxx-0.10.0\projects\debug\properties.obj
c:\src\digicortex-1\private\external\log4xx\apache-log4cxx-0.10.0\projects\debug\pool.obj
c:\src\digicortex-1\private\external\log4xx\apache-log4cxx-0.10.0\projects\debug\patternparser.obj
c:\src\digicortex-1\private\external\log4xx\apache-log4cxx-0.10.0\projects\debug\patternlayout.obj
c:\src\digicortex-1\private\external\log4xx\apache-log4cxx-0.10.0\projects\debug\patternconverter.obj
c:\src\digicortex-1\private\external\log4xx\apache-log4cxx-0.10.0\projects\debug\outputstreamwriter.obj
c:\src\digicortex-1\private\external\log4xx\apache-log4cxx-0.10.0\projects\debug\outputstream.obj
c:\src\digicortex-1\private\external\log4xx\apache-log4cxx-0.10.0\projects\debug\outputdebugstringappender.obj
c:\src\digicortex-1\private\external\log4xx\apache-log4cxx-0.10.0\projects\debug\optionconverter.obj
c:\src\digicortex-1\private\external\log4xx\apache-log4cxx-0.10.0\projects\debug\onlyonceerrorhandler.obj
c:\src\digicortex-1\private\external\log4xx\apache-log4cxx-0.10.0\projects\debug\odbcappender.obj
c:\src\digicortex-1\private\external\log4xx\apache-log4cxx-0.10.0\projects\debug\obsoleterollingfileappender.obj
c:\src\digicortex-1\private\external\log4xx\apache-log4cxx-0.10.0\projects\debug\objectptr.obj
c:\src\digicortex-1\private\external\log4xx\apache-log4cxx-0.10.0\projects\debug\objectoutputstream.obj
c:\src\digicortex-1\private\external\log4xx\apache-log4cxx-0.10.0\projects\debug\objectimpl.obj
c:\src\digicortex-1\private\external\log4xx\apache-log4cxx-0.10.0\projects\debug\nteventlogappender.obj
c:\src\digicortex-1\private\external\log4xx\apache-log4cxx-0.10.0\projects\debug\ndcpatternconverter.obj
c:\src\digicortex-1\private\external\log4xx\apache-log4cxx-0.10.0\projects\debug\ndc.obj
c:\src\digicortex-1\private\external\log4xx\apache-log4cxx-0.10.0\projects\debug\sockethubappender.obj
c:\src\digicortex-1\private\external\log4xx\apache-log4cxx-0.10.0\projects\debug\socketappenderskeleton.obj
c:\src\digicortex-1\private\external\log4xx\apache-log4cxx-0.10.0\projects\debug\socketappender.obj
c:\src\digicortex-1\private\external\log4xx\apache-log4cxx-0.10.0\projects\debug\socket.obj
c:\src\digicortex-1\private\external\log4xx\apache-log4cxx-0.10.0\projects\debug\smtpappender.obj
c:\src\digicortex-1\private\external\log4xx\apache-log4cxx-0.10.0\projects\debug\sizebasedtriggeringpolicy.obj
c:\src\digicortex-1\private\external\log4xx\apache-log4cxx-0.10.0\projects\debug\simplelayout.obj
c:\src\digicortex-1\private\external\log4xx\apache-log4cxx-0.10.0\projects\debug\simpledateformat.obj
c:\src\digicortex-1\private\external\log4xx\apache-log4cxx-0.10.0\projects\debug\serversocket.obj
c:\src\digicortex-1\private\external\log4xx\apache-log4cxx-0.10.0\projects\debug\rootlogger.obj
c:\src\digicortex-1\private\external\log4xx\apache-log4cxx-0.10.0\projects\debug\rolloverdescription.obj
c:\src\digicortex-1\private\external\log4xx\apache-log4cxx-0.10.0\projects\debug\rollingpolicybase.obj
c:\src\digicortex-1\private\external\log4xx\apache-log4cxx-0.10.0\projects\debug\rollingpolicy.obj
c:\src\digicortex-1\private\external\log4xx\apache-log4cxx-0.10.0\projects\debug\rollingfileappender.obj
c:\src\digicortex-1\private\external\log4xx\apache-log4cxx-0.10.0\projects\debug\resourcebundle.obj
c:\src\digicortex-1\private\external\log4xx\apache-log4cxx-0.10.0\projects\debug\relativetimepatternconverter.obj
c:\src\digicortex-1\private\external\log4xx\apache-log4cxx-0.10.0\projects\debug\relativetimedateformat.obj
c:\src\digicortex-1\private\external\log4xx\apache-log4cxx-0.10.0\projects\debug\reader.obj
c:\src\digicortex-1\private\external\log4xx\apache-log4cxx-0.10.0\projects\debug\propertysetter.obj
c:\src\digicortex-1\private\external\log4xx\apache-log4cxx-0.10.0\projects\debug\propertyresourcebundle.obj
c:\src\digicortex-1\private\external\log4xx\apache-log4cxx-0.10.0\projects\debug\transcoder.obj
c:\src\digicortex-1\private\external\log4xx\apache-log4cxx-0.10.0\projects\debug\timezone.obj
c:\src\digicortex-1\private\external\log4xx\apache-log4cxx-0.10.0\projects\debug\timebasedrollingpolicy.obj
c:\src\digicortex-1\private\external\log4xx\apache-log4cxx-0.10.0\projects\debug\throwableinformationpatternconverter.obj
c:\src\digicortex-1\private\external\log4xx\apache-log4cxx-0.10.0\projects\debug\threadspecificdata.obj
c:\src\digicortex-1\private\external\log4xx\apache-log4cxx-0.10.0\projects\debug\threadpatternconverter.obj
c:\src\digicortex-1\private\external\log4xx\apache-log4cxx-0.10.0\projects\debug\threadlocal.obj
c:\src\digicortex-1\private\external\log4xx\apache-log4cxx-0.10.0\projects\debug\threadcxx.obj
c:\src\digicortex-1\private\external\log4xx\apache-log4cxx-0.10.0\projects\debug\telnetappender.obj
c:\src\digicortex-1\private\external\log4xx\apache-log4cxx-0.10.0\projects\debug\systemoutwriter.obj
c:\src\digicortex-1\private\external\log4xx\apache-log4cxx-0.10.0\projects\debug\systemerrwriter.obj
c:\src\digicortex-1\private\external\log4xx\apache-log4cxx-0.10.0\projects\debug\system.obj
c:\src\digicortex-1\private\external\log4xx\apache-log4cxx-0.10.0\projects\debug\syslogwriter.obj
c:\src\digicortex-1\private\external\log4xx\apache-log4cxx-0.10.0\projects\debug\syslogappender.obj
c:\src\digicortex-1\private\external\log4xx\apache-log4cxx-0.10.0\projects\debug\synchronized.obj
c:\src\digicortex-1\private\external\log4xx\apache-log4cxx-0.10.0\projects\debug\stringtokenizer.obj
c:\src\digicortex-1\private\external\log4xx\apache-log4cxx-0.10.0\projects\debug\stringmatchfilter.obj
c:\src\digicortex-1\private\external\log4xx\apache-log4cxx-0.10.0\projects\debug\stringhelper.obj
c:\src\digicortex-1\private\external\log4xx\apache-log4cxx-0.10.0\projects\debug\strftimedateformat.obj
c:\src\digicortex-1\private\external\log4xx\apache-log4cxx-0.10.0\projects\debug\socketoutputstream.obj
c:\src\digicortex-1\private\external\log4xx\apache-log4cxx-0.10.0\projects\debug\zipcompressaction.obj
c:\src\digicortex-1\private\external\log4xx\apache-log4cxx-0.10.0\projects\debug\xmlsocketappender.obj
c:\src\digicortex-1\private\external\log4xx\apache-log4cxx-0.10.0\projects\debug\xmllayout.obj
c:\src\digicortex-1\private\external\log4xx\apache-log4cxx-0.10.0\projects\debug\writerappender.obj
c:\src\digicortex-1\private\external\log4xx\apache-log4cxx-0.10.0\projects\debug\writer.obj
c:\src\digicortex-1\private\external\log4xx\apache-log4cxx-0.10.0\projects\debug\ttcclayout.obj
c:\src\digicortex-1\private\external\log4xx\apache-log4cxx-0.10.0\projects\debug\triggeringpolicy.obj
c:\src\digicortex-1\private\external\log4xx\apache-log4cxx-0.10.0\projects\debug\transform.obj
c:\src\digicortex-1\private\external\log4xx\apache-log4cxx-0.10.0\projects\x64\debug\vc120.pdb
c:\src\digicortex-1\private\external\log4xx\apache-log4cxx-0.10.0\projects\x64\debug\cyclicbuffer.obj
c:\src\digicortex-1\private\external\log4xx\apache-log4cxx-0.10.0\projects\x64\debug\consoleappender.obj
c:\src\digicortex-1\private\external\log4xx\apache-log4cxx-0.10.0\projects\x64\debug\configurator.obj
c:\src\digicortex-1\private\external\log4xx\apache-log4cxx-0.10.0\projects\x64\debug\condition.obj
c:\src\digicortex-1\private\external\log4xx\apache-log4cxx-0.10.0\projects\x64\debug\classregistration.obj
c:\src\digicortex-1\private\external\log4xx\apache-log4cxx-0.10.0\projects\x64\debug\classnamepatternconverter.obj
c:\src\digicortex-1\private\external\log4xx\apache-log4cxx-0.10.0\projects\x64\debug\class.obj
c:\src\digicortex-1\private\external\log4xx\apache-log4cxx-0.10.0\projects\x64\debug\charsetencoder.obj
c:\src\digicortex-1\private\external\log4xx\apache-log4cxx-0.10.0\projects\x64\debug\charsetdecoder.obj
c:\src\digicortex-1\private\external\log4xx\apache-log4cxx-0.10.0\projects\x64\debug\cacheddateformat.obj
c:\src\digicortex-1\private\external\log4xx\apache-log4cxx-0.10.0\projects\x64\debug\bytebuffer.obj
c:\src\digicortex-1\private\external\log4xx\apache-log4cxx-0.10.0\projects\x64\debug\bytearrayoutputstream.obj
c:\src\digicortex-1\private\external\log4xx\apache-log4cxx-0.10.0\projects\x64\debug\bytearrayinputstream.obj
c:\src\digicortex-1\private\external\log4xx\apache-log4cxx-0.10.0\projects\x64\debug\bufferedwriter.obj
c:\src\digicortex-1\private\external\log4xx\apache-log4cxx-0.10.0\projects\x64\debug\basicconfigurator.obj
c:\src\digicortex-1\private\external\log4xx\apache-log4cxx-0.10.0\projects\x64\debug\asyncappender.obj
c:\src\digicortex-1\private\external\log4xx\apache-log4cxx-0.10.0\projects\x64\debug\aprinitializer.obj
c:\src\digicortex-1\private\external\log4xx\apache-log4cxx-0.10.0\projects\x64\debug\appenderskeleton.obj
c:\src\digicortex-1\private\external\log4xx\apache-log4cxx-0.10.0\projects\x64\debug\appenderattachableimpl.obj
c:\src\digicortex-1\private\external\log4xx\apache-log4cxx-0.10.0\projects\x64\debug\action.obj
c:\src\digicortex-1\private\external\log4xx\apache-log4cxx-0.10.0\projects\x64\debug\filerenameaction.obj
c:\src\digicortex-1\private\external\log4xx\apache-log4cxx-0.10.0\projects\x64\debug\fileoutputstream.obj
c:\src\digicortex-1\private\external\log4xx\apache-log4cxx-0.10.0\projects\x64\debug\filelocationpatternconverter.obj
c:\src\digicortex-1\private\external\log4xx\apache-log4cxx-0.10.0\projects\x64\debug\fileinputstream.obj
c:\src\digicortex-1\private\external\log4xx\apache-log4cxx-0.10.0\projects\x64\debug\filedatepatternconverter.obj
c:\src\digicortex-1\private\external\log4xx\apache-log4cxx-0.10.0\projects\x64\debug\fileappender.obj
c:\src\digicortex-1\private\external\log4xx\apache-log4cxx-0.10.0\projects\x64\debug\file.obj
c:\src\digicortex-1\private\external\log4xx\apache-log4cxx-0.10.0\projects\x64\debug\fallbackerrorhandler.obj
c:\src\digicortex-1\private\external\log4xx\apache-log4cxx-0.10.0\projects\x64\debug\exception.obj
c:\src\digicortex-1\private\external\log4xx\apache-log4cxx-0.10.0\projects\x64\debug\domconfigurator.obj
c:\src\digicortex-1\private\external\log4xx\apache-log4cxx-0.10.0\projects\x64\debug\defaultrepositoryselector.obj
c:\src\digicortex-1\private\external\log4xx\apache-log4cxx-0.10.0\projects\x64\debug\defaultloggerfactory.obj
c:\src\digicortex-1\private\external\log4xx\apache-log4cxx-0.10.0\projects\x64\debug\defaultconfigurator.obj
c:\src\digicortex-1\private\external\log4xx\apache-log4cxx-0.10.0\projects\x64\debug\datepatternconverter.obj
c:\src\digicortex-1\private\external\log4xx\apache-log4cxx-0.10.0\projects\x64\debug\datelayout.obj
c:\src\digicortex-1\private\external\log4xx\apache-log4cxx-0.10.0\projects\x64\debug\dateformat.obj
c:\src\digicortex-1\private\external\log4xx\apache-log4cxx-0.10.0\projects\x64\debug\date.obj
c:\src\digicortex-1\private\external\log4xx\apache-log4cxx-0.10.0\projects\x64\debug\datagramsocket.obj
c:\src\digicortex-1\private\external\log4xx\apache-log4cxx-0.10.0\projects\x64\debug\datagrampacket.obj
c:\src\digicortex-1\private\external\log4xx\apache-log4cxx-0.10.0\projects\x64\debug\dailyrollingfileappender.obj
c:\src\digicortex-1\private\external\log4xx\apache-log4cxx-0.10.0\projects\x64\debug\linelocationpatternconverter.obj
c:\src\digicortex-1\private\external\log4xx\apache-log4cxx-0.10.0\projects\x64\debug\levelrangefilter.obj
c:\src\digicortex-1\private\external\log4xx\apache-log4cxx-0.10.0\projects\x64\debug\levelpatternconverter.obj
c:\src\digicortex-1\private\external\log4xx\apache-log4cxx-0.10.0\projects\x64\debug\levelmatchfilter.obj
c:\src\digicortex-1\private\external\log4xx\apache-log4cxx-0.10.0\projects\x64\debug\level.obj
c:\src\digicortex-1\private\external\log4xx\apache-log4cxx-0.10.0\projects\x64\debug\layout.obj
c:\src\digicortex-1\private\external\log4xx\apache-log4cxx-0.10.0\projects\x64\debug\integerpatternconverter.obj
c:\src\digicortex-1\private\external\log4xx\apache-log4cxx-0.10.0\projects\x64\debug\integer.obj
c:\src\digicortex-1\private\external\log4xx\apache-log4cxx-0.10.0\projects\x64\debug\inputstreamreader.obj
c:\src\digicortex-1\private\external\log4xx\apache-log4cxx-0.10.0\projects\x64\debug\inputstream.obj
c:\src\digicortex-1\private\external\log4xx\apache-log4cxx-0.10.0\projects\x64\debug\inetaddress.obj
c:\src\digicortex-1\private\external\log4xx\apache-log4cxx-0.10.0\projects\x64\debug\htmllayout.obj
c:\src\digicortex-1\private\external\log4xx\apache-log4cxx-0.10.0\projects\x64\debug\hierarchy.obj
c:\src\digicortex-1\private\external\log4xx\apache-log4cxx-0.10.0\projects\x64\debug\gzcompressaction.obj
c:\src\digicortex-1\private\external\log4xx\apache-log4cxx-0.10.0\projects\x64\debug\fulllocationpatternconverter.obj
c:\src\digicortex-1\private\external\log4xx\apache-log4cxx-0.10.0\projects\x64\debug\formattinginfo.obj
c:\src\digicortex-1\private\external\log4xx\apache-log4cxx-0.10.0\projects\x64\debug\fixedwindowrollingpolicy.obj
c:\src\digicortex-1\private\external\log4xx\apache-log4cxx-0.10.0\projects\x64\debug\filterbasedtriggeringpolicy.obj
c:\src\digicortex-1\private\external\log4xx\apache-log4cxx-0.10.0\projects\x64\debug\filter.obj
c:\src\digicortex-1\private\external\log4xx\apache-log4cxx-0.10.0\projects\x64\debug\filewatchdog.obj
c:\src\digicortex-1\private\external\log4xx\apache-log4cxx-0.10.0\projects\x64\debug\namepatternconverter.obj
c:\src\digicortex-1\private\external\log4xx\apache-log4cxx-0.10.0\projects\x64\debug\nameabbreviator.obj
c:\src\digicortex-1\private\external\log4xx\apache-log4cxx-0.10.0\projects\x64\debug\mutex.obj
c:\src\digicortex-1\private\external\log4xx\apache-log4cxx-0.10.0\projects\x64\debug\methodlocationpatternconverter.obj
c:\src\digicortex-1\private\external\log4xx\apache-log4cxx-0.10.0\projects\x64\debug\messagepatternconverter.obj
c:\src\digicortex-1\private\external\log4xx\apache-log4cxx-0.10.0\projects\x64\debug\messagebuffer.obj
c:\src\digicortex-1\private\external\log4xx\apache-log4cxx-0.10.0\projects\x64\debug\mdc.obj
c:\src\digicortex-1\private\external\log4xx\apache-log4cxx-0.10.0\projects\x64\debug\manualtriggeringpolicy.obj
c:\src\digicortex-1\private\external\log4xx\apache-log4cxx-0.10.0\projects\x64\debug\logstream.obj
c:\src\digicortex-1\private\external\log4xx\apache-log4cxx-0.10.0\projects\x64\debug\logmanager.obj
c:\src\digicortex-1\private\external\log4xx\apache-log4cxx-0.10.0\projects\x64\debug\loglog.obj
c:\src\digicortex-1\private\external\log4xx\apache-log4cxx-0.10.0\projects\x64\debug\loggingeventpatternconverter.obj
c:\src\digicortex-1\private\external\log4xx\apache-log4cxx-0.10.0\projects\x64\debug\loggingevent.obj
c:\src\digicortex-1\private\external\log4xx\apache-log4cxx-0.10.0\projects\x64\debug\loggerpatternconverter.obj
c:\src\digicortex-1\private\external\log4xx\apache-log4cxx-0.10.0\projects\x64\debug\logger.obj
c:\src\digicortex-1\private\external\log4xx\apache-log4cxx-0.10.0\projects\x64\debug\locationinfo.obj
c:\src\digicortex-1\private\external\log4xx\apache-log4cxx-0.10.0\projects\x64\debug\locale.obj
c:\src\digicortex-1\private\external\log4xx\apache-log4cxx-0.10.0\projects\x64\debug\loader.obj
c:\src\digicortex-1\private\external\log4xx\apache-log4cxx-0.10.0\projects\x64\debug\literalpatternconverter.obj
c:\src\digicortex-1\private\external\log4xx\apache-log4cxx-0.10.0\projects\x64\debug\lineseparatorpatternconverter.obj
c:\src\digicortex-1\private\external\log4xx\apache-log4cxx-0.10.0\projects\x64\debug\propertyconfigurator.obj
c:\src\digicortex-1\private\external\log4xx\apache-log4cxx-0.10.0\projects\x64\debug\propertiespatternconverter.obj
c:\src\digicortex-1\private\external\log4xx\apache-log4cxx-0.10.0\projects\x64\debug\properties.obj
c:\src\digicortex-1\private\external\log4xx\apache-log4cxx-0.10.0\projects\x64\debug\pool.obj
c:\src\digicortex-1\private\external\log4xx\apache-log4cxx-0.10.0\projects\x64\debug\patternparser.obj
c:\src\digicortex-1\private\external\log4xx\apache-log4cxx-0.10.0\projects\x64\debug\patternlayout.obj
c:\src\digicortex-1\private\external\log4xx\apache-log4cxx-0.10.0\projects\x64\debug\patternconverter.obj
c:\src\digicortex-1\private\external\log4xx\apache-log4cxx-0.10.0\projects\x64\debug\outputstreamwriter.obj
c:\src\digicortex-1\private\external\log4xx\apache-log4cxx-0.10.0\projects\x64\debug\outputstream.obj
c:\src\digicortex-1\private\external\log4xx\apache-log4cxx-0.10.0\projects\x64\debug\outputdebugstringappender.obj
c:\src\digicortex-1\private\external\log4xx\apache-log4cxx-0.10.0\projects\x64\debug\optionconverter.obj
c:\src\digicortex-1\private\external\log4xx\apache-log4cxx-0.10.0\projects\x64\debug\onlyonceerrorhandler.obj
c:\src\digicortex-1\private\external\log4xx\apache-log4cxx-0.10.0\projects\x64\debug\odbcappender.obj
c:\src\digicortex-1\private\external\log4xx\apache-log4cxx-0.10.0\projects\x64\debug\obsoleterollingfileappender.obj
c:\src\digicortex-1\private\external\log4xx\apache-log4cxx-0.10.0\projects\x64\debug\objectptr.obj
c:\src\digicortex-1\private\external\log4xx\apache-log4cxx-0.10.0\projects\x64\debug\objectoutputstream.obj
c:\src\digicortex-1\private\external\log4xx\apache-log4cxx-0.10.0\projects\x64\debug\objectimpl.obj
c:\src\digicortex-1\private\external\log4xx\apache-log4cxx-0.10.0\projects\x64\debug\nteventlogappender.obj
c:\src\digicortex-1\private\external\log4xx\apache-log4cxx-0.10.0\projects\x64\debug\ndcpatternconverter.obj
c:\src\digicortex-1\private\external\log4xx\apache-log4cxx-0.10.0\projects\x64\debug\ndc.obj
c:\src\digicortex-1\private\external\log4xx\apache-log4cxx-0.10.0\projects\x64\debug\sockethubappender.obj
c:\src\digicortex-1\private\external\log4xx\apache-log4cxx-0.10.0\projects\x64\debug\socketappenderskeleton.obj
c:\src\digicortex-1\private\external\log4xx\apache-log4cxx-0.10.0\projects\x64\debug\socketappender.obj
c:\src\digicortex-1\private\external\log4xx\apache-log4cxx-0.10.0\projects\x64\debug\socket.obj
c:\src\digicortex-1\private\external\log4xx\apache-log4cxx-0.10.0\projects\x64\debug\smtpappender.obj
c:\src\digicortex-1\private\external\log4xx\apache-log4cxx-0.10.0\projects\x64\debug\sizebasedtriggeringpolicy.obj
c:\src\digicortex-1\private\external\log4xx\apache-log4cxx-0.10.0\projects\x64\debug\simplelayout.obj
c:\src\digicortex-1\private\external\log4xx\apache-log4cxx-0.10.0\projects\x64\debug\simpledateformat.obj
c:\src\digicortex-1\private\external\log4xx\apache-log4cxx-0.10.0\projects\x64\debug\serversocket.obj
c:\src\digicortex-1\private\external\log4xx\apache-log4cxx-0.10.0\projects\x64\debug\rootlogger.obj
c:\src\digicortex-1\private\external\log4xx\apache-log4cxx-0.10.0\projects\x64\debug\rolloverdescription.obj
c:\src\digicortex-1\private\external\log4xx\apache-log4cxx-0.10.0\projects\x64\debug\rollingpolicybase.obj
c:\src\digicortex-1\private\external\log4xx\apache-log4cxx-0.10.0\projects\x64\debug\rollingpolicy.obj
c:\src\digicortex-1\private\external\log4xx\apache-log4cxx-0.10.0\projects\x64\debug\rollingfileappender.obj
c:\src\digicortex-1\private\external\log4xx\apache-log4cxx-0.10.0\projects\x64\debug\resourcebundle.obj
c:\src\digicortex-1\private\external\log4xx\apache-log4cxx-0.10.0\projects\x64\debug\relativetimepatternconverter.obj
c:\src\digicortex-1\private\external\log4xx\apache-log4cxx-0.10.0\projects\x64\debug\relativetimedateformat.obj
c:\src\digicortex-1\private\external\log4xx\apache-log4cxx-0.10.0\projects\x64\debug\reader.obj
c:\src\digicortex-1\private\external\log4xx\apache-log4cxx-0.10.0\projects\x64\debug\propertysetter.obj
c:\src\digicortex-1\private\external\log4xx\apache-log4cxx-0.10.0\projects\x64\debug\propertyresourcebundle.obj
c:\src\digicortex-1\private\external\log4xx\apache-log4cxx-0.10.0\projects\x64\debug\transcoder.obj
c:\src\digicortex-1\private\external\log4xx\apache-log4cxx-0.10.0\projects\x64\debug\timezone.obj
c:\src\digicortex-1\private\external\log4xx\apache-log4cxx-0.10.0\projects\x64\debug\timebasedrollingpolicy.obj
c:\src\digicortex-1\private\external\log4xx\apache-log4cxx-0.10.0\projects\x64\debug\throwableinformationpatternconverter.obj
c:\src\digicortex-1\private\external\log4xx\apache-log4cxx-0.10.0\projects\x64\debug\threadspecificdata.obj
c:\src\digicortex-1\private\external\log4xx\apache-log4cxx-0.10.0\projects\x64\debug\threadpatternconverter.obj
c:\src\digicortex-1\private\external\log4xx\apache-log4cxx-0.10.0\projects\x64\debug\threadlocal.obj
c:\src\digicortex-1\private\external\log4xx\apache-log4cxx-0.10.0\projects\x64\debug\threadcxx.obj
c:\src\digicortex-1\private\external\log4xx\apache-log4cxx-0.10.0\projects\x64\debug\telnetappender.obj
c:\src\digicortex-1\private\external\log4xx\apache-log4cxx-0.10.0\projects\x64\debug\systemoutwriter.obj
c:\src\digicortex-1\private\external\log4xx\apache-log4cxx-0.10.0\projects\x64\debug\systemerrwriter.obj
c:\src\digicortex-1\private\external\log4xx\apache-log4cxx-0.10.0\projects\x64\debug\system.obj
c:\src\digicortex-1\private\external\log4xx\apache-log4cxx-0.10.0\projects\x64\debug\syslogwriter.obj
c:\src\digicortex-1\private\external\log4xx\apache-log4cxx-0.10.0\projects\x64\debug\syslogappender.obj
c:\src\digicortex-1\private\external\log4xx\apache-log4cxx-0.10.0\projects\x64\debug\synchronized.obj
c:\src\digicortex-1\private\external\log4xx\apache-log4cxx-0.10.0\projects\x64\debug\stringtokenizer.obj
c:\src\digicortex-1\private\external\log4xx\apache-log4cxx-0.10.0\projects\x64\debug\stringmatchfilter.obj
c:\src\digicortex-1\private\external\log4xx\apache-log4cxx-0.10.0\projects\x64\debug\stringhelper.obj
c:\src\digicortex-1\private\external\log4xx\apache-log4cxx-0.10.0\projects\x64\debug\strftimedateformat.obj
c:\src\digicortex-1\private\external\log4xx\apache-log4cxx-0.10.0\projects\x64\debug\socketoutputstream.obj
c:\src\digicortex-1\private\external\log4xx\apache-log4cxx-0.10.0\projects\x64\debug\zipcompressaction.obj
c:\src\digicortex-1\private\external\log4xx\apache-log4cxx-0.10.0\projects\x64\debug\xmlsocketappender.obj
c:\src\digicortex-1\private\external\log4xx\apache-log4cxx-0.10.0\projects\x64\debug\xmllayout.obj
c:\src\digicortex-1\private\external\log4xx\apache-log4cxx-0.10.0\projects\x64\debug\writerappender.obj
c:\src\digicortex-1\private\external\log4xx\apache-log4cxx-0.10.0\projects\x64\debug\writer.obj
c:\src\digicortex-1\private\external\log4xx\apache-log4cxx-0.10.0\projects\x64\debug\ttcclayout.obj
c:\src\digicortex-1\private\external\log4xx\apache-log4cxx-0.10.0\projects\x64\debug\triggeringpolicy.obj
c:\src\digicortex-1\private\external\log4xx\apache-log4cxx-0.10.0\projects\x64\debug\transform.obj
c:\src\digicortex-1\private\external\log4xx\apache-log4cxx-0.10.0\projects\x64\debug\log4cxx.dll
c:\src\digicortex-1\private\external\log4xx\apache-log4cxx-0.10.0\projects\x64\debug\log4cxx.pdb
c:\src\digicortex-1\private\external\log4xx\apache-log4cxx-0.10.0\projects\debug\log4cxx.lib
c:\src\digicortex-1\private\external\log4xx\apache-log4cxx-0.10.0\projects\debug\log4cxx.exp
c:\src\digicortex-1\private\external\log4xx\apache-log4cxx-0.10.0\projects\x64\debug\log4cxx.lib
c:\src\digicortex-1\private\external\log4xx\apache-log4cxx-0.10.0\projects\x64\debug\log4cxx.exp
c:\src\digicortex-1\private\external\log4xx\apache-log4cxx-0.10.0\projects\x64\debug\log4cxx.res
c:\src\digicortex-1\private\external\log4xx\apache-log4cxx-0.10.0\projects\.\x64\debug\log4cxx.dll
c:\src\digicortex-1\private\external\log4xx\apache-log4cxx-0.10.0\projects\x64\debug\log4cxx.tlog\cl.command.1.tlog
c:\src\digicortex-1\private\external\log4xx\apache-log4cxx-0.10.0\projects\x64\debug\log4cxx.tlog\cl.read.1.tlog
c:\src\digicortex-1\private\external\log4xx\apache-log4cxx-0.10.0\projects\x64\debug\log4cxx.tlog\cl.write.1.tlog
c:\src\digicortex-1\private\external\log4xx\apache-log4cxx-0.10.0\projects\x64\debug\log4cxx.tlog\link.command.1.tlog
c:\src\digicortex-1\private\external\log4xx\apache-log4cxx-0.10.0\projects\x64\debug\log4cxx.tlog\link.read.1.tlog
c:\src\digicortex-1\private\external\log4xx\apache-log4cxx-0.10.0\projects\x64\debug\log4cxx.tlog\link.write.1.tlog
c:\src\digicortex-1\private\external\log4xx\apache-log4cxx-0.10.0\projects\x64\debug\log4cxx.tlog\log4cxx.write.1u.tlog
c:\src\digicortex-1\private\external\log4xx\apache-log4cxx-0.10.0\projects\x64\debug\log4cxx.tlog\rc.command.1.tlog
c:\src\digicortex-1\private\external\log4xx\apache-log4cxx-0.10.0\projects\x64\debug\log4cxx.tlog\rc.read.1.tlog
c:\src\digicortex-1\private\external\log4xx\apache-log4cxx-0.10.0\projects\x64\debug\log4cxx.tlog\rc.write.1.tlog
