C:\Program Files (x86)\MSBuild\Microsoft.Cpp\v4.0\V120\Microsoft.CppBuild.targets(357,5): warning MSB8004: Output Directory does not end with a trailing slash.  This build instance will add the slash as it is required to allow proper evaluation of the Output Directory.
  action.cpp
  appenderattachableimpl.cpp
  appenderskeleton.cpp
  aprinitializer.cpp
  asyncappender.cpp
  basicconfigurator.cpp
  bufferedwriter.cpp
  bytearrayinputstream.cpp
  bytearrayoutputstream.cpp
  bytebuffer.cpp
  cacheddateformat.cpp
  charsetdecoder.cpp
  charsetencoder.cpp
  class.cpp
  classnamepatternconverter.cpp
  classregistration.cpp
  condition.cpp
  configurator.cpp
  consoleappender.cpp
  cyclicbuffer.cpp
  Generating Code...
  Compiling...
  dailyrollingfileappender.cpp
  datagrampacket.cpp
  datagramsocket.cpp
  date.cpp
  dateformat.cpp
  datelayout.cpp
  datepatternconverter.cpp
  defaultconfigurator.cpp
  defaultloggerfactory.cpp
  defaultrepositoryselector.cpp
  domconfigurator.cpp
  exception.cpp
  fallbackerrorhandler.cpp
  file.cpp
  fileappender.cpp
  filedatepatternconverter.cpp
  fileinputstream.cpp
  filelocationpatternconverter.cpp
  fileoutputstream.cpp
  filerenameaction.cpp
  Generating Code...
  Compiling...
  filewatchdog.cpp
  filter.cpp
  filterbasedtriggeringpolicy.cpp
  fixedwindowrollingpolicy.cpp
  formattinginfo.cpp
  fulllocationpatternconverter.cpp
  gzcompressaction.cpp
  hierarchy.cpp
  htmllayout.cpp
  inetaddress.cpp
  inputstream.cpp
  inputstreamreader.cpp
  integer.cpp
  integerpatternconverter.cpp
  layout.cpp
  level.cpp
  levelmatchfilter.cpp
  levelpatternconverter.cpp
  levelrangefilter.cpp
  linelocationpatternconverter.cpp
  Generating Code...
  Compiling...
  lineseparatorpatternconverter.cpp
  literalpatternconverter.cpp
  loader.cpp
  locale.cpp
  locationinfo.cpp
  logger.cpp
  loggerpatternconverter.cpp
  loggingevent.cpp
  loggingeventpatternconverter.cpp
  loglog.cpp
  logmanager.cpp
  logstream.cpp
  manualtriggeringpolicy.cpp
  mdc.cpp
  messagebuffer.cpp
  messagepatternconverter.cpp
  methodlocationpatternconverter.cpp
  mutex.cpp
  nameabbreviator.cpp
  namepatternconverter.cpp
  Generating Code...
  Compiling...
  ndc.cpp
  ndcpatternconverter.cpp
  nteventlogappender.cpp
  objectimpl.cpp
  objectoutputstream.cpp
  objectptr.cpp
  obsoleterollingfileappender.cpp
  odbcappender.cpp
  onlyonceerrorhandler.cpp
  optionconverter.cpp
  outputdebugstringappender.cpp
  outputstream.cpp
  outputstreamwriter.cpp
  patternconverter.cpp
  patternlayout.cpp
  patternparser.cpp
  pool.cpp
  properties.cpp
  propertiespatternconverter.cpp
  propertyconfigurator.cpp
  Generating Code...
  Compiling...
  propertyresourcebundle.cpp
  propertysetter.cpp
  reader.cpp
  relativetimedateformat.cpp
  relativetimepatternconverter.cpp
  resourcebundle.cpp
  rollingfileappender.cpp
  rollingpolicy.cpp
  rollingpolicybase.cpp
  rolloverdescription.cpp
  rootlogger.cpp
  serversocket.cpp
  simpledateformat.cpp
  simplelayout.cpp
  sizebasedtriggeringpolicy.cpp
  smtpappender.cpp
  socket.cpp
  socketappender.cpp
  socketappenderskeleton.cpp
  sockethubappender.cpp
  Generating Code...
  Compiling...
  socketoutputstream.cpp
  strftimedateformat.cpp
  stringhelper.cpp
  stringmatchfilter.cpp
  stringtokenizer.cpp
  synchronized.cpp
  syslogappender.cpp
  syslogwriter.cpp
  system.cpp
  systemerrwriter.cpp
  systemoutwriter.cpp
  telnetappender.cpp
  threadcxx.cpp
  threadlocal.cpp
  threadpatternconverter.cpp
  threadspecificdata.cpp
  throwableinformationpatternconverter.cpp
  timebasedrollingpolicy.cpp
  timezone.cpp
  transcoder.cpp
  Generating Code...
  Compiling...
  transform.cpp
  triggeringpolicy.cpp
  ttcclayout.cpp
  writer.cpp
  writerappender.cpp
  xmllayout.cpp
  xmlsocketappender.cpp
  zipcompressaction.cpp
  Generating Code...
C:\Program Files (x86)\MSBuild\Microsoft.Cpp\v4.0\V120\Microsoft.CppBuild.targets(1186,5): warning MSB8012: TargetPath(C:\src\DigiCortex-1\private\External\Log4xx\apache-log4cxx-0.10.0\projects\..\..\..\Output\log4cxx.dll) does not match the Linker's OutputFile property value (C:\src\DigiCortex-1\private\External\Log4xx\apache-log4cxx-0.10.0\projects\Debug\log4cxx.dll). This may cause your project to build incorrectly. To correct this, please make sure that $(OutDir), $(TargetName) and $(TargetExt) property values match the value specified in %(Link.OutputFile).
LINK : fatal error LNK1181: cannot open input file '..\..\..\Output\\apr.lib'
