c:\src\digicortex-1\private\external\apr\x64\debug\apr.pdb
c:\src\digicortex-1\private\external\apr\x64\debug\tempdir.obj
c:\src\digicortex-1\private\external\apr\x64\debug\seek.obj
c:\src\digicortex-1\private\external\apr\x64\debug\readwrite.obj
c:\src\digicortex-1\private\external\apr\x64\debug\pipe.obj
c:\src\digicortex-1\private\external\apr\x64\debug\open.obj
c:\src\digicortex-1\private\external\apr\x64\debug\mktemp.obj
c:\src\digicortex-1\private\external\apr\x64\debug\fullrw.obj
c:\src\digicortex-1\private\external\apr\x64\debug\flock.obj
c:\src\digicortex-1\private\external\apr\x64\debug\filesys.obj
c:\src\digicortex-1\private\external\apr\x64\debug\filestat.obj
c:\src\digicortex-1\private\external\apr\x64\debug\filepath_util.obj
c:\src\digicortex-1\private\external\apr\x64\debug\filepath.obj
c:\src\digicortex-1\private\external\apr\x64\debug\filedup.obj
c:\src\digicortex-1\private\external\apr\x64\debug\fileacc.obj
c:\src\digicortex-1\private\external\apr\x64\debug\dir.obj
c:\src\digicortex-1\private\external\apr\x64\debug\copy.obj
c:\src\digicortex-1\private\external\apr\x64\debug\buffer.obj
c:\src\digicortex-1\private\external\apr\x64\debug\apr_escape.obj
c:\src\digicortex-1\private\external\apr\x64\debug\dso.obj
c:\src\digicortex-1\private\external\apr\x64\debug\apr_atomic.obj
c:\src\digicortex-1\private\external\apr\x64\debug\inet_pton.obj
c:\src\digicortex-1\private\external\apr\x64\debug\inet_ntop.obj
c:\src\digicortex-1\private\external\apr\x64\debug\mmap.obj
c:\src\digicortex-1\private\external\apr\x64\debug\common.obj
c:\src\digicortex-1\private\external\apr\x64\debug\version.obj
c:\src\digicortex-1\private\external\apr\x64\debug\utf8.obj
c:\src\digicortex-1\private\external\apr\x64\debug\start.obj
c:\src\digicortex-1\private\external\apr\x64\debug\rand.obj
c:\src\digicortex-1\private\external\apr\x64\debug\otherchild.obj
c:\src\digicortex-1\private\external\apr\x64\debug\misc.obj
c:\src\digicortex-1\private\external\apr\x64\debug\internal.obj
c:\src\digicortex-1\private\external\apr\x64\debug\getopt.obj
c:\src\digicortex-1\private\external\apr\x64\debug\errorcodes.obj
c:\src\digicortex-1\private\external\apr\x64\debug\env.obj
c:\src\digicortex-1\private\external\apr\x64\debug\charset.obj
c:\src\digicortex-1\private\external\apr\x64\debug\apr_pools.obj
c:\src\digicortex-1\private\external\apr\x64\debug\thread_rwlock.obj
c:\src\digicortex-1\private\external\apr\x64\debug\thread_mutex.obj
c:\src\digicortex-1\private\external\apr\x64\debug\thread_cond.obj
c:\src\digicortex-1\private\external\apr\x64\debug\proc_mutex.obj
c:\src\digicortex-1\private\external\apr\x64\debug\apr_strnatcmp.obj
c:\src\digicortex-1\private\external\apr\x64\debug\apr_strings.obj
c:\src\digicortex-1\private\external\apr\x64\debug\apr_snprintf.obj
c:\src\digicortex-1\private\external\apr\x64\debug\apr_fnmatch.obj
c:\src\digicortex-1\private\external\apr\x64\debug\apr_cpystrn.obj
c:\src\digicortex-1\private\external\apr\x64\debug\shm.obj
c:\src\digicortex-1\private\external\apr\x64\debug\sha2_glue.obj
c:\src\digicortex-1\private\external\apr\x64\debug\sha2.obj
c:\src\digicortex-1\private\external\apr\x64\debug\apr_random.obj
c:\src\digicortex-1\private\external\apr\x64\debug\select.obj
c:\src\digicortex-1\private\external\apr\x64\debug\pollset.obj
c:\src\digicortex-1\private\external\apr\x64\debug\pollcb.obj
c:\src\digicortex-1\private\external\apr\x64\debug\poll.obj
c:\src\digicortex-1\private\external\apr\x64\debug\apr_getpass.obj
c:\src\digicortex-1\private\external\apr\x64\debug\sockopt.obj
c:\src\digicortex-1\private\external\apr\x64\debug\socket_util.obj
c:\src\digicortex-1\private\external\apr\x64\debug\sockets.obj
c:\src\digicortex-1\private\external\apr\x64\debug\sockaddr.obj
c:\src\digicortex-1\private\external\apr\x64\debug\sendrecv.obj
c:\src\digicortex-1\private\external\apr\x64\debug\multicast.obj
c:\src\digicortex-1\private\external\apr\x64\debug\userinfo.obj
c:\src\digicortex-1\private\external\apr\x64\debug\groupinfo.obj
c:\src\digicortex-1\private\external\apr\x64\debug\timestr.obj
c:\src\digicortex-1\private\external\apr\x64\debug\time.obj
c:\src\digicortex-1\private\external\apr\x64\debug\threadpriv.obj
c:\src\digicortex-1\private\external\apr\x64\debug\thread.obj
c:\src\digicortex-1\private\external\apr\x64\debug\signals.obj
c:\src\digicortex-1\private\external\apr\x64\debug\proc.obj
c:\src\digicortex-1\private\external\apr\x64\debug\apr_tables.obj
c:\src\digicortex-1\private\external\apr\x64\debug\apr_skiplist.obj
c:\src\digicortex-1\private\external\apr\x64\debug\apr_hash.obj
c:\src\digicortex-1\private\external\apr\x64\debug\apr_strtok.obj
c:\src\digicortex-1\private\external\apr\x64\debug\apr
c:\src\digicortex-1\private\external\apr\include\apr_escape_test_char.h
c:\src\digicortex-1\private\external\apr\x64\libd\gen_test_char.exe
c:\src\digicortex-1\private\external\apr\include\apr.h
c:\src\digicortex-1\private\external\apr\x64\debug\apr.lib
c:\src\digicortex-1\private\external\apr\.\x64\debug\apr.lib
c:\src\digicortex-1\private\external\apr\x64\debug\apr.tlog\cl.command.1.tlog
c:\src\digicortex-1\private\external\apr\x64\debug\apr.tlog\cl.read.1.tlog
c:\src\digicortex-1\private\external\apr\x64\debug\apr.tlog\cl.write.1.tlog
c:\src\digicortex-1\private\external\apr\x64\debug\apr.tlog\custombuild.command.1.tlog
c:\src\digicortex-1\private\external\apr\x64\debug\apr.tlog\custombuild.read.1.tlog
c:\src\digicortex-1\private\external\apr\x64\debug\apr.tlog\custombuild.write.1.tlog
c:\src\digicortex-1\private\external\apr\x64\debug\apr.tlog\lib-link.read.1.tlog
c:\src\digicortex-1\private\external\apr\x64\debug\apr.tlog\lib-link.write.1.tlog
c:\src\digicortex-1\private\external\apr\x64\debug\apr.tlog\lib.command.1.tlog
